2026-07-07 09:30:54.491 [main] INFO  com.ly.ttd.biz.admin.ServerMain - Starting ServerMain using Java 17.0.17 with PID 37357 (/Users/yong/IdeaProjects/hxttd_feature/biz-feature-admin-srv/target/classes started by yong in /Users/yong/IdeaProjects/hxttd_feature)
2026-07-07 09:30:54.494 [main] INFO  com.ly.ttd.biz.admin.ServerMain - No active profile set, falling back to 1 default profile: "default"
2026-07-07 09:30:57.553 [main] INFO  o.s.b.w.e.tomcat.TomcatWebServer - Tomcat initialized with port 7082 (http)
2026-07-07 09:30:57.569 [main] INFO  o.a.catalina.core.StandardService - Starting service [Tomcat]
2026-07-07 09:30:57.570 [main] INFO  o.a.catalina.core.StandardEngine - Starting Servlet engine: [Apache Tomcat/10.1.41]
2026-07-07 09:30:57.654 [main] INFO  o.a.c.c.C.[Tomcat].[localhost].[/] - Initializing Spring embedded WebApplicationContext
2026-07-07 09:30:57.655 [main] INFO  o.s.b.w.s.c.ServletWebServerApplicationContext - Root WebApplicationContext: initialization completed in 2705 ms
2026-07-07 09:31:13.190 [main] INFO  c.l.t.l.s.i.LanguageExecuteFactory - init language execute factory
2026-07-07 09:31:13.272 [main] INFO  c.l.t.l.s.i.LanguageExecuteFactory - register language execute engine: aviator
2026-07-07 09:31:13.281 [main] INFO  c.l.t.l.s.i.LanguageExecuteFactory - register language execute engine: groovy
2026-07-07 09:31:13.281 [main] INFO  c.l.t.l.s.i.LanguageExecuteFactory - register language execute engine: jexl
2026-07-07 09:31:18.367 [main] DEBUG o.s.w.s.h.SimpleUrlHandlerMapping - Patterns [/webjars/**, /**, /swagger-ui*/*swagger-initializer.js, /swagger-ui*/**] in 'resourceHandlerMapping'
2026-07-07 09:31:18.768 [main] WARN  o.s.b.a.s.s.UserDetailsServiceAutoConfiguration - 

Using generated security password: a3308748-b27a-4dcf-aaae-4bf9c002d40b

This generated password is for development use only. Your security configuration must be updated before running your application in production.

2026-07-07 09:31:18.838 [main] INFO  o.s.s.c.a.a.c.InitializeUserDetailsBeanManagerConfigurer$InitializeUserDetailsManagerConfigurer - Global AuthenticationManager configured with UserDetailsService bean with name inMemoryUserDetailsManager
2026-07-07 09:31:19.164 [main] INFO  c.l.t.b.admin.config.SecurityConfig - 🔧 SecurityConfig - 初始化安全配置
2026-07-07 09:31:19.373 [main] INFO  c.l.t.b.admin.config.SecurityConfig - 🔧 SecurityConfig - CSRF 已禁用
2026-07-07 09:31:19.376 [main] INFO  c.l.t.b.admin.config.SecurityConfig - 🔧 SecurityConfig - CORS 已配置
2026-07-07 09:31:28.914 [main] INFO  o.s.b.w.e.tomcat.TomcatWebServer - Tomcat started on port 7082 (http) with context path '/'
2026-07-07 09:31:29.167 [main] INFO  com.ly.ttd.biz.admin.ServerMain - Started ServerMain in 35.766 seconds (process running for 41.438)
2026-07-07 11:35:33.856 [SpringApplicationShutdownHook] INFO  o.s.b.w.e.tomcat.GracefulShutdown - Commencing graceful shutdown. Waiting for active requests to complete
2026-07-07 11:35:33.888 [tomcat-shutdown] INFO  o.s.b.w.e.tomcat.GracefulShutdown - Graceful shutdown complete
2026-07-07 11:35:43.143 [main] INFO  com.ly.ttd.biz.admin.ServerMain - Starting ServerMain using Java 17.0.17 with PID 45620 (/Users/yong/IdeaProjects/hxttd_feature/biz-feature-admin-srv/target/classes started by yong in /Users/yong/IdeaProjects/hxttd_feature)
2026-07-07 11:35:43.148 [main] INFO  com.ly.ttd.biz.admin.ServerMain - No active profile set, falling back to 1 default profile: "default"
2026-07-07 11:35:46.099 [main] INFO  o.s.b.w.e.tomcat.TomcatWebServer - Tomcat initialized with port 7082 (http)
2026-07-07 11:35:46.114 [main] INFO  o.a.catalina.core.StandardService - Starting service [Tomcat]
2026-07-07 11:35:46.115 [main] INFO  o.a.catalina.core.StandardEngine - Starting Servlet engine: [Apache Tomcat/10.1.41]
2026-07-07 11:35:46.213 [main] INFO  o.a.c.c.C.[Tomcat].[localhost].[/] - Initializing Spring embedded WebApplicationContext
2026-07-07 11:35:46.214 [main] INFO  o.s.b.w.s.c.ServletWebServerApplicationContext - Root WebApplicationContext: initialization completed in 2537 ms
2026-07-07 11:36:01.632 [main] INFO  c.l.t.l.s.i.LanguageExecuteFactory - init language execute factory
2026-07-07 11:36:01.715 [main] INFO  c.l.t.l.s.i.LanguageExecuteFactory - register language execute engine: aviator
2026-07-07 11:36:01.722 [main] INFO  c.l.t.l.s.i.LanguageExecuteFactory - register language execute engine: groovy
2026-07-07 11:36:01.722 [main] INFO  c.l.t.l.s.i.LanguageExecuteFactory - register language execute engine: jexl
2026-07-07 11:36:06.671 [main] DEBUG o.s.w.s.h.SimpleUrlHandlerMapping - Patterns [/webjars/**, /**, /swagger-ui*/*swagger-initializer.js, /swagger-ui*/**] in 'resourceHandlerMapping'
2026-07-07 11:36:07.060 [main] WARN  o.s.b.a.s.s.UserDetailsServiceAutoConfiguration - 

Using generated security password: 097dd34e-53ea-4c5a-a77b-39fb58421fb8

This generated password is for development use only. Your security configuration must be updated before running your application in production.

2026-07-07 11:36:07.129 [main] INFO  o.s.s.c.a.a.c.InitializeUserDetailsBeanManagerConfigurer$InitializeUserDetailsManagerConfigurer - Global AuthenticationManager configured with UserDetailsService bean with name inMemoryUserDetailsManager
2026-07-07 11:36:07.475 [main] INFO  c.l.t.b.admin.config.SecurityConfig - 🔧 SecurityConfig - 初始化安全配置
2026-07-07 11:36:07.672 [main] INFO  c.l.t.b.admin.config.SecurityConfig - 🔧 SecurityConfig - CSRF 已禁用
2026-07-07 11:36:07.675 [main] INFO  c.l.t.b.admin.config.SecurityConfig - 🔧 SecurityConfig - CORS 已配置
2026-07-07 11:36:16.879 [main] INFO  o.s.b.w.e.tomcat.TomcatWebServer - Tomcat started on port 7082 (http) with context path '/'
2026-07-07 11:36:17.126 [main] INFO  com.ly.ttd.biz.admin.ServerMain - Started ServerMain in 35.083 seconds (process running for 36.54)
